Light Player is StrategicMinimaxAI 
 Dark Player is EnhancedMinimaxAI 
Dark plays first 
Move for Dark Player 
{'Row': 0, 'Col': 0, 'Direction': 'SE'}Move for Light Player 
{'Row': 2, 'Col': 3, 'Direction': 'SW'}Move for Dark Player 
{'Row': 0, 'Col': 2, 'Direction': 'SW'}Move for Light Player 
{'Row': 3, 'Col': 2, 'Direction': 'NE'}Move for Dark Player 
{'Row': 2, 'Col': 4, 'Direction': 'SW'}Move for Light Player 
{'Row': 0, 'Col': 3, 'Direction': 'SW'}Move for Dark Player 
{'Row': 1, 'Col': 3, 'Direction': 'SW'}Move for Light Player 
{'Row': 3, 'Col': 0, 'Direction': 'SE'}Move for Dark Player 
{'Row': 1, 'Col': 1, 'Direction': 'S'}Move for Light Player 
{'Row': 0, 'Col': 1, 'Direction': 'SE'}Move for Dark Player 
{'Row': 0, 'Col': 4, 'Direction': 'SW'}Move for Light Player 
{'Row': 1, 'Col': 2, 'Direction': 'E'}Move for Dark Player 
{'Row': 1, 'Col': 3, 'Direction': 'SW'}Move for Light Player 
{'Row': 4, 'Col': 5, 'Direction': 'SW'}Move for Dark Player 
{'Row': 2, 'Col': 0, 'Direction': 'SE'}Move for Light Player 
{'Row': 1, 'Col': 4, 'Direction': 'S'}Move for Dark Player 
{'Row': 3, 'Col': 1, 'Direction': 'E'}Move for Light Player 
{'Row': 5, 'Col': 4, 'Direction': 'W'}Move for Dark Player 
{'Row': 2, 'Col': 2, 'Direction': 'S'}Move for Light Player 
{'Row': 4, 'Col': 3, 'Direction': 'NE'}Move for Dark Player 
{'Row': 2, 'Col': 2, 'Direction': 'SW'}Move for Light Player 
{'Row': 2, 'Col': 5, 'Direction': 'W'}Move for Dark Player 
{'Row': 4, 'Col': 0, 'Direction': 'S'}Move for Light Player 
{'Row': 2, 'Col': 3, 'Direction': 'NE'}Move for Dark Player 
{'Row': 3, 'Col': 3, 'Direction': 'SW'}Game Ends. Player Light has no legal moves.
{'Turn': 'Light', 'LightCapture': 10, 'DarkCapture': 20, 'Board': [0, 0, 0, 0, 0, 2, 1, 0, 0, 0, 0, 0, 0, 0, 0, 0, 0, 0, 0, 0, 0, 0, 0, 1, 1, 0, 0, 0, 0, 0, 0, 0, 0, 0, 0, 1]}