Light Player is StrategicMinimaxAI 
 Dark Player is AggressiveCaptureAI 
Light plays first 
Move for Light Player 
{'Row': 2, 'Col': 3, 'Direction': 'SW'}Move for Dark Player 
{'Row': 5, 'Col': 1, 'Direction': 'NE'}Move for Light Player 
{'Row': 3, 'Col': 2, 'Direction': 'NE'}Move for Dark Player 
{'Row': 4, 'Col': 2, 'Direction': 'S'}Move for Light Player 
{'Row': 0, 'Col': 1, 'Direction': 'SE'}Move for Dark Player 
{'Row': 3, 'Col': 3, 'Direction': 'SW'}Move for Light Player 
{'Row': 1, 'Col': 2, 'Direction': 'S'}Move for Dark Player 
{'Row': 4, 'Col': 2, 'Direction': 'W'}Move for Light Player 
{'Row': 1, 'Col': 4, 'Direction': 'SW'}Move for Dark Player 
{'Row': 4, 'Col': 0, 'Direction': 'S'}Move for Light Player 
{'Row': 0, 'Col': 5, 'Direction': 'SW'}Move for Dark Player 
{'Row': 3, 'Col': 1, 'Direction': 'SW'}Move for Light Player 
{'Row': 2, 'Col': 1, 'Direction': 'SE'}Move for Dark Player 
{'Row': 4, 'Col': 0, 'Direction': 'N'}Move for Light Player 
{'Row': 3, 'Col': 2, 'Direction': 'NW'}Move for Dark Player 
{'Row': 0, 'Col': 2, 'Direction': 'SE'}Move for Light Player 
{'Row': 1, 'Col': 0, 'Direction': 'E'}Move for Dark Player 
{'Row': 4, 'Col': 4, 'Direction': 'SW'}Move for Light Player 
{'Row': 2, 'Col': 5, 'Direction': 'SW'}Move for Dark Player 
{'Row': 5, 'Col': 3, 'Direction': 'N'}Move for Light Player 
{'Row': 3, 'Col': 4, 'Direction': 'N'}Move for Dark Player 
{'Row': 5, 'Col': 5, 'Direction': 'NW'}Move for Light Player 
{'Row': 0, 'Col': 3, 'Direction': 'SW'}Move for Dark Player 
{'Row': 0, 'Col': 0, 'Direction': 'SE'}Move for Light Player 
{'Row': 1, 'Col': 4, 'Direction': 'N'}Game Ends. Player Dark has no legal moves.
{'Turn': 'Dark', 'LightCapture': 15, 'DarkCapture': 10, 'Board': [0, 0, 0, 0, 0, 0, 0, 0, 2, 0, 1, 0, 2, 0, 0, 0, 0, 0, 0, 0, 0, 3, 0, 1, 0, 0, 0, 0, 0, 1, 0, 0, 0, 0, 1, 0]}