Light Player is StrategicMinimaxAI 
 Dark Player is AggressiveCaptureAI 
Dark plays first 
Move for Dark Player 
{'Row': 2, 'Col': 4, 'Direction': 'NE'}Move for Light Player 
{'Row': 2, 'Col': 3, 'Direction': 'SW'}Move for Dark Player 
{'Row': 1, 'Col': 5, 'Direction': 'S'}Move for Light Player 
{'Row': 1, 'Col': 4, 'Direction': 'SW'}Move for Dark Player 
{'Row': 3, 'Col': 5, 'Direction': 'W'}Move for Light Player 
{'Row': 0, 'Col': 5, 'Direction': 'SW'}Move for Dark Player 
{'Row': 3, 'Col': 3, 'Direction': 'S'}Move for Light Player 
{'Row': 2, 'Col': 1, 'Direction': 'SE'}Move for Dark Player 
{'Row': 5, 'Col': 3, 'Direction': 'W'}Move for Light Player 
{'Row': 1, 'Col': 0, 'Direction': 'SE'}Move for Dark Player 
{'Row': 5, 'Col': 1, 'Direction': 'N'}Move for Light Player 
{'Row': 3, 'Col': 2, 'Direction': 'N'}Move for Dark Player 
{'Row': 3, 'Col': 1, 'Direction': 'W'}Move for Light Player 
{'Row': 1, 'Col': 2, 'Direction': 'W'}Move for Dark Player 
{'Row': 3, 'Col': 1, 'Direction': 'SE'}Move for Light Player 
{'Row': 3, 'Col': 2, 'Direction': 'S'}Move for Dark Player 
{'Row': 1, 'Col': 3, 'Direction': 'SW'}Move for Light Player 
{'Row': 0, 'Col': 1, 'Direction': 'SW'}Move for Dark Player 
{'Row': 4, 'Col': 0, 'Direction': 'S'}Move for Light Player 
{'Row': 1, 'Col': 0, 'Direction': 'N'}Move for Dark Player 
{'Row': 4, 'Col': 4, 'Direction': 'SE'}Move for Light Player 
{'Row': 4, 'Col': 5, 'Direction': 'SW'}Move for Dark Player 
{'Row': 0, 'Col': 4, 'Direction': 'SW'}Move for Light Player 
{'Row': 1, 'Col': 0, 'Direction': 'SE'}Game Ends. Player Dark has no legal moves.
{'Turn': 'Dark', 'LightCapture': 13, 'DarkCapture': 14, 'Board': [0, 0, 0, 1, 0, 0, 0, 0, 0, 0, 0, 0, 1, 0, 0, 0, 0, 0, 0, 0, 0, 0, 0, 0, 2, 0, 0, 0, 0, 0, 0, 0, 1, 0, 2, 2]}