Light Player is StrategicMinimaxAI 
 Dark Player is StackBuilderAI 
Dark plays first 
Move for Dark Player 
{'Row': 4, 'Col': 2, 'Direction': 'NE'}Move for Light Player 
{'Row': 2, 'Col': 3, 'Direction': 'SW'}Move for Dark Player 
{'Row': 2, 'Col': 4, 'Direction': 'SW'}Move for Light Player 
{'Row': 3, 'Col': 2, 'Direction': 'NE'}Move for Dark Player 
{'Row': 5, 'Col': 1, 'Direction': 'NE'}Move for Light Player 
{'Row': 0, 'Col': 1, 'Direction': 'SE'}Move for Dark Player 
{'Row': 1, 'Col': 5, 'Direction': 'SW'}Move for Light Player 
{'Row': 1, 'Col': 2, 'Direction': 'S'}Move for Dark Player 
{'Row': 4, 'Col': 4, 'Direction': 'NW'}Move for Light Player 
{'Row': 1, 'Col': 4, 'Direction': 'SW'}Move for Dark Player 
{'Row': 3, 'Col': 3, 'Direction': 'SE'}Move for Light Player 
{'Row': 0, 'Col': 5, 'Direction': 'SW'}Move for Dark Player 
{'Row': 1, 'Col': 1, 'Direction': 'SE'}Move for Light Player 
{'Row': 2, 'Col': 1, 'Direction': 'SE'}Move for Dark Player 
{'Row': 5, 'Col': 5, 'Direction': 'NW'}Move for Light Player 
{'Row': 3, 'Col': 0, 'Direction': 'SE'}Move for Dark Player 
{'Row': 1, 'Col': 3, 'Direction': 'SE'}Move for Light Player 
{'Row': 3, 'Col': 2, 'Direction': 'E'}Move for Dark Player 
{'Row': 0, 'Col': 0, 'Direction': 'SE'}Move for Light Player 
{'Row': 3, 'Col': 2, 'Direction': 'NW'}Move for Dark Player 
{'Row': 0, 'Col': 2, 'Direction': 'SW'}Move for Light Player 
{'Row': 1, 'Col': 0, 'Direction': 'S'}Move for Dark Player 
{'Row': 5, 'Col': 3, 'Direction': 'NW'}Move for Light Player 
{'Row': 3, 'Col': 0, 'Direction': 'SE'}Move for Dark Player 
{'Row': 0, 'Col': 4, 'Direction': 'SW'}Move for Light Player 
{'Row': 0, 'Col': 3, 'Direction': 'SE'}Move for Dark Player 
{'Row': 3, 'Col': 3, 'Direction': 'E'}Move for Light Player 
{'Row': 4, 'Col': 3, 'Direction': 'NE'}Game Ends. Player Dark has no legal moves.
{'Turn': 'Dark', 'LightCapture': 13, 'DarkCapture': 3, 'Board': [0, 0, 0, 0, 0, 0, 0, 0, 0, 0, 0, 0, 0, 0, 0, 0, 0, 0, 0, 3, 0, 8, 0, 1, 0, 3, 0, 0, 0, 1, 2, 0, 1, 0, 1, 0]}