Light Player is StackBuilderAI 
 Dark Player is StrategicMinimaxAI 
Light plays first 
Move for Light Player 
{'Row': 3, 'Col': 0, 'Direction': 'NE'}Move for Dark Player 
{'Row': 2, 'Col': 2, 'Direction': 'SE'}Move for Light Player 
{'Row': 2, 'Col': 1, 'Direction': 'NE'}Move for Dark Player 
{'Row': 3, 'Col': 3, 'Direction': 'NW'}Move for Light Player 
{'Row': 1, 'Col': 2, 'Direction': 'NW'}Move for Dark Player 
{'Row': 0, 'Col': 2, 'Direction': 'SE'}Move for Light Player 
{'Row': 0, 'Col': 1, 'Direction': 'SW'}Move for Dark Player 
{'Row': 1, 'Col': 3, 'Direction': 'S'}Move for Light Player 
{'Row': 3, 'Col': 2, 'Direction': 'NW'}Move for Dark Player 
{'Row': 1, 'Col': 1, 'Direction': 'SE'}Move for Light Player 
{'Row': 1, 'Col': 0, 'Direction': 'SE'}Move for Dark Player 
{'Row': 2, 'Col': 4, 'Direction': 'SW'}Move for Light Player 
{'Row': 3, 'Col': 4, 'Direction': 'SW'}Move for Dark Player 
{'Row': 1, 'Col': 5, 'Direction': 'SW'}Move for Light Player 
{'Row': 4, 'Col': 3, 'Direction': 'SE'}Move for Dark Player 
{'Row': 4, 'Col': 4, 'Direction': 'NE'}Move for Light Player 
{'Row': 4, 'Col': 5, 'Direction': 'SW'}Move for Dark Player 
{'Row': 5, 'Col': 3, 'Direction': 'NW'}Move for Light Player 
{'Row': 0, 'Col': 3, 'Direction': 'SE'}Move for Dark Player 
{'Row': 4, 'Col': 2, 'Direction': 'W'}Move for Light Player 
{'Row': 2, 'Col': 5, 'Direction': 'NW'}Move for Dark Player 
{'Row': 5, 'Col': 1, 'Direction': 'NW'}Move for Light Player 
{'Row': 0, 'Col': 5, 'Direction': 'SW'}Move for Dark Player 
{'Row': 4, 'Col': 0, 'Direction': 'S'}Move for Light Player 
{'Row': 5, 'Col': 4, 'Direction': 'E'}Move for Dark Player 
{'Row': 0, 'Col': 4, 'Direction': 'SW'}Game Ends. Player Light has no legal moves.
{'Turn': 'Light', 'LightCapture': 2, 'DarkCapture': 12, 'Board': [1, 0, 0, 0, 0, 0, 0, 0, 0, 0, 4, 0, 1, 0, 0, 0, 0, 0, 0, 2, 0, 0, 0, 2, 2, 0, 0, 0, 0, 0, 0, 0, 1, 0, 9, 0]}