Light Player is DefensiveMobilityAI 
 Dark Player is StrategicMinimaxAI 
Dark plays first 
Move for Dark Player 
{'Row': 2, 'Col': 2, 'Direction': 'SE'}Move for Light Player 
{'Row': 3, 'Col': 2, 'Direction': 'NW'}Move for Dark Player 
{'Row': 3, 'Col': 3, 'Direction': 'NW'}Move for Light Player 
{'Row': 0, 'Col': 3, 'Direction': 'SW'}Move for Dark Player 
{'Row': 0, 'Col': 4, 'Direction': 'SE'}Move for Light Player 
{'Row': 0, 'Col': 1, 'Direction': 'SW'}Move for Dark Player 
{'Row': 1, 'Col': 1, 'Direction': 'W'}Move for Light Player 
{'Row': 3, 'Col': 4, 'Direction': 'SE'}Move for Dark Player 
{'Row': 1, 'Col': 1, 'Direction': 'NW'}Move for Light Player 
{'Row': 2, 'Col': 1, 'Direction': 'NE'}Move for Dark Player 
{'Row': 1, 'Col': 3, 'Direction': 'NW'}Move for Light Player 
{'Row': 0, 'Col': 5, 'Direction': 'SW'}Move for Dark Player 
{'Row': 2, 'Col': 0, 'Direction': 'NE'}Move for Light Player 
{'Row': 4, 'Col': 1, 'Direction': 'SW'}Move for Dark Player 
{'Row': 3, 'Col': 1, 'Direction': 'SE'}Move for Light Player 
{'Row': 2, 'Col': 3, 'Direction': 'NW'}Move for Dark Player 
{'Row': 1, 'Col': 5, 'Direction': 'S'}Move for Light Player 
{'Row': 1, 'Col': 2, 'Direction': 'SW'}Move for Dark Player 
{'Row': 2, 'Col': 4, 'Direction': 'SW'}Move for Light Player 
{'Row': 3, 'Col': 0, 'Direction': 'E'}Move for Dark Player 
{'Row': 4, 'Col': 2, 'Direction': 'NE'}Move for Light Player 
{'Row': 5, 'Col': 2, 'Direction': 'NW'}Move for Dark Player 
{'Row': 3, 'Col': 3, 'Direction': 'W'}Move for Light Player 
{'Row': 5, 'Col': 4, 'Direction': 'NW'}Move for Dark Player 
{'Row': 4, 'Col': 4, 'Direction': 'NW'}Move for Light Player 
{'Row': 4, 'Col': 3, 'Direction': 'NE'}Move for Dark Player 
{'Row': 3, 'Col': 3, 'Direction': 'SW'}Move for Light Player 
{'Row': 1, 'Col': 4, 'Direction': 'SW'}Move for Dark Player 
{'Row': 4, 'Col': 0, 'Direction': 'SE'}Move for Light Player 
{'Row': 4, 'Col': 5, 'Direction': 'S'}Move for Dark Player 
{'Row': 5, 'Col': 3, 'Direction': 'NW'}Move for Light Player 
{'Row': 4, 'Col': 5, 'Direction': 'NW'}Game Ends. Player Dark has no legal moves.
{'Turn': 'Dark', 'LightCapture': 9, 'DarkCapture': 10, 'Board': [3, 0, 3, 0, 0, 0, 0, 0, 0, 0, 0, 0, 0, 0, 0, 0, 0, 0, 0, 3, 0, 0, 0, 0, 0, 0, 0, 0, 0, 0, 4, 4, 0, 0, 0, 0]}